This file contains any messages produced by compilers while
running configure, to aid debugging if configure makes a mistake.

It was created by libhpdf configure 2.1.0, which was
generated by GNU Autoconf 2.60.  Invocation command line was

  $ ./configure 

## --------- ##
## Platform. ##
## --------- ##

hostname = hariscom-Inspiron-N4050
uname -m = i686
uname -r = 3.0.0-13-generic-pae
uname -s = Linux
uname -v = #22-Ubuntu SMP Wed Nov 2 15:17:35 UTC 2011

/usr/bin/uname -p = unknown
/bin/uname -X     = unknown

/bin/arch              = unknown
/usr/bin/arch -k       = unknown
/usr/convex/getsysinfo = unknown
/usr/bin/hostinfo      = unknown
/bin/machine           = unknown
/usr/bin/oslevel       = unknown
/bin/universe          = unknown

PATH: /usr/local/sbin
PATH: /usr/local/bin
PATH: /usr/sbin
PATH: /usr/bin
PATH: /sbin
PATH: /bin
PATH: /usr/games


## ----------- ##
## Core tests. ##
## ----------- ##

configure:1978: checking for a BSD-compatible install
configure:2034: result: /usr/bin/install -c
configure:2045: checking whether build environment is sane
configure:2088: result: yes
configure:2153: checking for gawk
configure:2183: result: no
configure:2153: checking for mawk
configure:2169: found /usr/bin/mawk
configure:2180: result: mawk
configure:2191: checking whether make sets $(MAKE)
configure:2212: result: yes
configure:2387: checking whether to enable maintainer-specific portions of Makefiles
configure:2396: result: no
configure:2460: checking for gcc
configure:2476: found /usr/bin/gcc
configure:2487: result: gcc
configure:2725: checking for C compiler version
configure:2732: gcc --version >&5
gcc (Ubuntu/Linaro 4.6.1-9ubuntu3) 4.6.1
Copyright (C) 2011 Free Software Foundation, Inc.
This is free software; see the source for copying conditions.  There is NO
warranty; not even for MERCHANTABILITY or FITNESS FOR A PARTICULAR PURPOSE.

configure:2735: $? = 0
configure:2742: gcc -v >&5
Using built-in specs.
COLLECT_GCC=gcc
COLLECT_LTO_WRAPPER=/usr/lib/gcc/i686-linux-gnu/4.6.1/lto-wrapper
Target: i686-linux-gnu
Configured with: ../src/configure -v --with-pkgversion='Ubuntu/Linaro 4.6.1-9ubuntu3' --with-bugurl=file:///usr/share/doc/gcc-4.6/README.Bugs --enable-languages=c,c++,fortran,objc,obj-c++,go --prefix=/usr --program-suffix=-4.6 --enable-shared --enable-linker-build-id --with-system-zlib --libexecdir=/usr/lib --without-included-gettext --enable-threads=posix --with-gxx-include-dir=/usr/include/c++/4.6 --libdir=/usr/lib --enable-nls --with-sysroot=/ --enable-clocale=gnu --enable-libstdcxx-debug --enable-libstdcxx-time=yes --enable-plugin --enable-objc-gc --enable-targets=all --disable-werror --with-arch-32=i686 --with-tune=generic --enable-checking=release --build=i686-linux-gnu --host=i686-linux-gnu --target=i686-linux-gnu
Thread model: posix
gcc version 4.6.1 (Ubuntu/Linaro 4.6.1-9ubuntu3) 
configure:2745: $? = 0
configure:2752: gcc -V >&5
gcc: error: unrecognized option '-V'
gcc: fatal error: no input files
compilation terminated.
configure:2755: $? = 4
configure:2778: checking for C compiler default output file name
configure:2805: gcc    conftest.c  >&5
configure:2808: $? = 0
configure:2854: result: a.out
configure:2859: checking whether the C compiler works
configure:2869: ./a.out
configure:2872: $? = 0
configure:2889: result: yes
configure:2896: checking whether we are cross compiling
configure:2898: result: no
configure:2901: checking for suffix of executables
configure:2908: gcc -o conftest    conftest.c  >&5
configure:2911: $? = 0
configure:2935: result: 
configure:2941: checking for suffix of object files
configure:2967: gcc -c   conftest.c >&5
configure:2970: $? = 0
configure:2993: result: o
configure:2997: checking whether we are using the GNU C compiler
configure:3026: gcc -c   conftest.c >&5
configure:3032: $? = 0
configure:3039: test -z "$ac_c_werror_flag" || test ! -s conftest.err
configure:3042: $? = 0
configure:3049: test -s conftest.o
configure:3052: $? = 0
configure:3066: result: yes
configure:3071: checking whether gcc accepts -g
configure:3101: gcc -c -g  conftest.c >&5
configure:3107: $? = 0
configure:3114: test -z "$ac_c_werror_flag" || test ! -s conftest.err
configure:3117: $? = 0
configure:3124: test -s conftest.o
configure:3127: $? = 0
configure:3257: result: yes
configure:3274: checking for gcc option to accept ISO C89
configure:3348: gcc  -c -g -O2  conftest.c >&5
configure:3354: $? = 0
configure:3361: test -z "$ac_c_werror_flag" || test ! -s conftest.err
configure:3364: $? = 0
configure:3371: test -s conftest.o
configure:3374: $? = 0
configure:3394: result: none needed
configure:3423: checking for style of include used by make
configure:3451: result: GNU
configure:3479: checking dependency style of gcc
configure:3569: result: none
configure:3586: checking for a sed that does not truncate output
configure:3640: result: /bin/sed
configure:3649: checking build system type
configure:3667: result: i686-pc-linux-gnu
configure:3689: checking host system type
configure:3704: result: i686-pc-linux-gnu
configure:3726: checking for grep that handles long lines and -e
configure:3800: result: /bin/grep
configure:3805: checking for egrep
configure:3883: result: /bin/grep -E
configure:3899: checking for ld used by gcc
configure:3966: result: /usr/bin/ld
configure:3975: checking if the linker (/usr/bin/ld) is GNU ld
configure:3990: result: yes
configure:4067: checking for /usr/bin/ld option to reload object files
configure:4074: result: -r
configure:4092: checking for BSD-compatible nm
configure:4141: result: /usr/bin/nm -B
configure:4145: checking whether ln -s works
configure:4149: result: yes
configure:4156: checking how to recognise dependent libraries
configure:4332: result: pass_all
configure:4582: checking how to run the C preprocessor
configure:4622: gcc -E  conftest.c
configure:4628: $? = 0
configure:4666: gcc -E  conftest.c
conftest.c:8:28: fatal error: ac_nonexistent.h: No such file or directory
compilation terminated.
configure:4672: $? = 1
configure: failed program was:
| /* confdefs.h.  */
| #define PACKAGE_NAME "libhpdf"
| #define PACKAGE_TARNAME "libhpdf"
| #define PACKAGE_VERSION "2.1.0"
| #define PACKAGE_STRING "libhpdf 2.1.0"
| #define PACKAGE_BUGREPORT ""
| /* end confdefs.h.  */
| #include <ac_nonexistent.h>
configure:4712: result: gcc -E
configure:4741: gcc -E  conftest.c
configure:4747: $? = 0
configure:4785: gcc -E  conftest.c
conftest.c:8:28: fatal error: ac_nonexistent.h: No such file or directory
compilation terminated.
configure:4791: $? = 1
configure: failed program was:
| /* confdefs.h.  */
| #define PACKAGE_NAME "libhpdf"
| #define PACKAGE_TARNAME "libhpdf"
| #define PACKAGE_VERSION "2.1.0"
| #define PACKAGE_STRING "libhpdf 2.1.0"
| #define PACKAGE_BUGREPORT ""
| /* end confdefs.h.  */
| #include <ac_nonexistent.h>
configure:4836: checking for ANSI C header files
configure:4866: gcc -c -g -O2  conftest.c >&5
configure:4872: $? = 0
configure:4879: test -z "$ac_c_werror_flag" || test ! -s conftest.err
configure:4882: $? = 0
configure:4889: test -s conftest.o
configure:4892: $? = 0
configure:4988: gcc -o conftest -g -O2   conftest.c  >&5
configure:4991: $? = 0
configure:4997: ./conftest
configure:5000: $? = 0
configure:5017: result: yes
configure:5041: checking for sys/types.h
configure:5062: gcc -c -g -O2  conftest.c >&5
configure:5068: $? = 0
configure:5075: test -z "$ac_c_werror_flag" || test ! -s conftest.err
configure:5078: $? = 0
configure:5085: test -s conftest.o
configure:5088: $? = 0
configure:5101: result: yes
configure:5041: checking for sys/stat.h
configure:5062: gcc -c -g -O2  conftest.c >&5
configure:5068: $? = 0
configure:5075: test -z "$ac_c_werror_flag" || test ! -s conftest.err
configure:5078: $? = 0
configure:5085: test -s conftest.o
configure:5088: $? = 0
configure:5101: result: yes
configure:5041: checking for stdlib.h
configure:5062: gcc -c -g -O2  conftest.c >&5
configure:5068: $? = 0
configure:5075: test -z "$ac_c_werror_flag" || test ! -s conftest.err
configure:5078: $? = 0
configure:5085: test -s conftest.o
configure:5088: $? = 0
configure:5101: result: yes
configure:5041: checking for string.h
configure:5062: gcc -c -g -O2  conftest.c >&5
configure:5068: $? = 0
configure:5075: test -z "$ac_c_werror_flag" || test ! -s conftest.err
configure:5078: $? = 0
configure:5085: test -s conftest.o
configure:5088: $? = 0
configure:5101: result: yes
configure:5041: checking for memory.h
configure:5062: gcc -c -g -O2  conftest.c >&5
configure:5068: $? = 0
configure:5075: test -z "$ac_c_werror_flag" || test ! -s conftest.err
configure:5078: $? = 0
configure:5085: test -s conftest.o
configure:5088: $? = 0
configure:5101: result: yes
configure:5041: checking for strings.h
configure:5062: gcc -c -g -O2  conftest.c >&5
configure:5068: $? = 0
configure:5075: test -z "$ac_c_werror_flag" || test ! -s conftest.err
configure:5078: $? = 0
configure:5085: test -s conftest.o
configure:5088: $? = 0
configure:5101: result: yes
configure:5041: checking for inttypes.h
configure:5062: gcc -c -g -O2  conftest.c >&5
configure:5068: $? = 0
configure:5075: test -z "$ac_c_werror_flag" || test ! -s conftest.err
configure:5078: $? = 0
configure:5085: test -s conftest.o
configure:5088: $? = 0
configure:5101: result: yes
configure:5041: checking for stdint.h
configure:5062: gcc -c -g -O2  conftest.c >&5
configure:5068: $? = 0
configure:5075: test -z "$ac_c_werror_flag" || test ! -s conftest.err
configure:5078: $? = 0
configure:5085: test -s conftest.o
configure:5088: $? = 0
configure:5101: result: yes
configure:5041: checking for unistd.h
configure:5062: gcc -c -g -O2  conftest.c >&5
configure:5068: $? = 0
configure:5075: test -z "$ac_c_werror_flag" || test ! -s conftest.err
configure:5078: $? = 0
configure:5085: test -s conftest.o
configure:5088: $? = 0
configure:5101: result: yes
configure:5128: checking dlfcn.h usability
configure:5145: gcc -c -g -O2  conftest.c >&5
configure:5151: $? = 0
configure:5158: test -z "$ac_c_werror_flag" || test ! -s conftest.err
configure:5161: $? = 0
configure:5168: test -s conftest.o
configure:5171: $? = 0
configure:5182: result: yes
configure:5186: checking dlfcn.h presence
configure:5201: gcc -E  conftest.c
configure:5207: $? = 0
configure:5228: result: yes
configure:5256: checking for dlfcn.h
configure:5264: result: yes
configure:5335: checking for g++
configure:5351: found /usr/bin/g++
configure:5362: result: g++
configure:5393: checking for C++ compiler version
configure:5400: g++ --version >&5
g++ (Ubuntu/Linaro 4.6.1-9ubuntu3) 4.6.1
Copyright (C) 2011 Free Software Foundation, Inc.
This is free software; see the source for copying conditions.  There is NO
warranty; not even for MERCHANTABILITY or FITNESS FOR A PARTICULAR PURPOSE.

configure:5403: $? = 0
configure:5410: g++ -v >&5
Using built-in specs.
COLLECT_GCC=g++
COLLECT_LTO_WRAPPER=/usr/lib/gcc/i686-linux-gnu/4.6.1/lto-wrapper
Target: i686-linux-gnu
Configured with: ../src/configure -v --with-pkgversion='Ubuntu/Linaro 4.6.1-9ubuntu3' --with-bugurl=file:///usr/share/doc/gcc-4.6/README.Bugs --enable-languages=c,c++,fortran,objc,obj-c++,go --prefix=/usr --program-suffix=-4.6 --enable-shared --enable-linker-build-id --with-system-zlib --libexecdir=/usr/lib --without-included-gettext --enable-threads=posix --with-gxx-include-dir=/usr/include/c++/4.6 --libdir=/usr/lib --enable-nls --with-sysroot=/ --enable-clocale=gnu --enable-libstdcxx-debug --enable-libstdcxx-time=yes --enable-plugin --enable-objc-gc --enable-targets=all --disable-werror --with-arch-32=i686 --with-tune=generic --enable-checking=release --build=i686-linux-gnu --host=i686-linux-gnu --target=i686-linux-gnu
Thread model: posix
gcc version 4.6.1 (Ubuntu/Linaro 4.6.1-9ubuntu3) 
configure:5413: $? = 0
configure:5420: g++ -V >&5
g++: error: unrecognized option '-V'
g++: fatal error: no input files
compilation terminated.
configure:5423: $? = 4
configure:5426: checking whether we are using the GNU C++ compiler
configure:5455: g++ -c   conftest.cpp >&5
configure:5461: $? = 0
configure:5468: test -z "$ac_cxx_werror_flag" || test ! -s conftest.err
configure:5471: $? = 0
configure:5478: test -s conftest.o
configure:5481: $? = 0
configure:5495: result: yes
configure:5500: checking whether g++ accepts -g
configure:5530: g++ -c -g  conftest.cpp >&5
configure:5536: $? = 0
configure:5543: test -z "$ac_cxx_werror_flag" || test ! -s conftest.err
configure:5546: $? = 0
configure:5553: test -s conftest.o
configure:5556: $? = 0
configure:5686: result: yes
configure:5711: checking dependency style of g++
configure:5801: result: none
configure:5828: checking how to run the C++ preprocessor
configure:5864: g++ -E  conftest.cpp
configure:5870: $? = 0
configure:5908: g++ -E  conftest.cpp
conftest.cpp:19:28: fatal error: ac_nonexistent.h: No such file or directory
compilation terminated.
configure:5914: $? = 1
configure: failed program was:
| /* confdefs.h.  */
| #define PACKAGE_NAME "libhpdf"
| #define PACKAGE_TARNAME "libhpdf"
| #define PACKAGE_VERSION "2.1.0"
| #define PACKAGE_STRING "libhpdf 2.1.0"
| #define PACKAGE_BUGREPORT ""
| #define STDC_HEADERS 1
| #define HAVE_SYS_TYPES_H 1
| #define HAVE_SYS_STAT_H 1
| #define HAVE_STDLIB_H 1
| #define HAVE_STRING_H 1
| #define HAVE_MEMORY_H 1
| #define HAVE_STRINGS_H 1
| #define HAVE_INTTYPES_H 1
| #define HAVE_STDINT_H 1
| #define HAVE_UNISTD_H 1
| #define HAVE_DLFCN_H 1
| /* end confdefs.h.  */
| #include <ac_nonexistent.h>
configure:5954: result: g++ -E
configure:5983: g++ -E  conftest.cpp
configure:5989: $? = 0
configure:6027: g++ -E  conftest.cpp
conftest.cpp:19:28: fatal error: ac_nonexistent.h: No such file or directory
compilation terminated.
configure:6033: $? = 1
configure: failed program was:
| /* confdefs.h.  */
| #define PACKAGE_NAME "libhpdf"
| #define PACKAGE_TARNAME "libhpdf"
| #define PACKAGE_VERSION "2.1.0"
| #define PACKAGE_STRING "libhpdf 2.1.0"
| #define PACKAGE_BUGREPORT ""
| #define STDC_HEADERS 1
| #define HAVE_SYS_TYPES_H 1
| #define HAVE_SYS_STAT_H 1
| #define HAVE_STDLIB_H 1
| #define HAVE_STRING_H 1
| #define HAVE_MEMORY_H 1
| #define HAVE_STRINGS_H 1
| #define HAVE_INTTYPES_H 1
| #define HAVE_STDINT_H 1
| #define HAVE_UNISTD_H 1
| #define HAVE_DLFCN_H 1
| /* end confdefs.h.  */
| #include <ac_nonexistent.h>
configure:6133: checking for g77
configure:6163: result: no
configure:6133: checking for f77
configure:6163: result: no
configure:6133: checking for xlf
configure:6163: result: no
configure:6133: checking for frt
configure:6163: result: no
configure:6133: checking for pgf77
configure:6163: result: no
configure:6133: checking for cf77
configure:6163: result: no
configure:6133: checking for fort77
configure:6163: result: no
configure:6133: checking for fl32
configure:6163: result: no
configure:6133: checking for af77
configure:6163: result: no
configure:6133: checking for f90
configure:6163: result: no
configure:6133: checking for xlf90
configure:6163: result: no
configure:6133: checking for pgf90
configure:6163: result: no
configure:6133: checking for pghpf
configure:6163: result: no
configure:6133: checking for epcf90
configure:6163: result: no
configure:6133: checking for gfortran
configure:6163: result: no
configure:6133: checking for g95
configure:6163: result: no
configure:6133: checking for f95
configure:6163: result: no
configure:6133: checking for fort
configure:6163: result: no
configure:6133: checking for xlf95
configure:6163: result: no
configure:6133: checking for ifort
configure:6163: result: no
configure:6133: checking for ifc
configure:6163: result: no
configure:6133: checking for efc
configure:6163: result: no
configure:6133: checking for pgf95
configure:6163: result: no
configure:6133: checking for lf95
configure:6163: result: no
configure:6133: checking for ftn
configure:6163: result: no
configure:6190: checking for Fortran 77 compiler version
configure:6197:  --version >&5
./configure: line 6198: --version: command not found
configure:6200: $? = 127
configure:6207:  -v >&5
./configure: line 6208: -v: command not found
configure:6210: $? = 127
configure:6217:  -V >&5
./configure: line 6218: -V: command not found
configure:6220: $? = 127
configure:6228: checking whether we are using the GNU Fortran 77 compiler
configure:6247:  -c  conftest.F >&5
./configure: line 6248: -c: command not found
configure:6253: $? = 127
configure: failed program was:
|       program main
| #ifndef __GNUC__
|        choke me
| #endif
| 
|       end
configure:6287: result: no
configure:6293: checking whether  accepts -g
configure:6310:  -c -g conftest.f >&5
./configure: line 6311: -c: command not found
configure:6316: $? = 127
configure: failed program was:
|       program main
| 
|       end
configure:6349: result: no
configure:6379: checking the maximum length of command line arguments
configure:6488: result: 32768
configure:6499: checking command to parse /usr/bin/nm -B output from gcc object
configure:6604: gcc -c -g -O2  conftest.c >&5
configure:6607: $? = 0
configure:6611: /usr/bin/nm -B conftest.o \| sed -n -e 's/^.*[ 	]\([ABCDGIRSTW][ABCDGIRSTW]*\)[ 	][ 	]*\([_A-Za-z][_A-Za-z0-9]*\)$/\1 \2 \2/p' \> conftest.nm
configure:6614: $? = 0
configure:6666: gcc -o conftest -g -O2   conftest.c conftstm.o >&5
configure:6669: $? = 0
configure:6707: result: ok
configure:6711: checking for objdir
configure:6726: result: .libs
configure:6818: checking for ar
configure:6834: found /usr/bin/ar
configure:6845: result: ar
configure:6914: checking for ranlib
configure:6930: found /usr/bin/ranlib
configure:6941: result: ranlib
configure:7010: checking for strip
configure:7026: found /usr/bin/strip
configure:7037: result: strip
configure:7323: checking if gcc supports -fno-rtti -fno-exceptions
configure:7341: gcc -c -g -O2  -fno-rtti -fno-exceptions conftest.c >&5
cc1: warning: command line option '-fno-rtti' is valid for C++/ObjC++ but not for C [enabled by default]
configure:7345: $? = 0
configure:7358: result: no
configure:7373: checking for gcc option to produce PIC
configure:7583: result: -fPIC
configure:7591: checking if gcc PIC flag -fPIC works
configure:7609: gcc -c -g -O2  -fPIC -DPIC conftest.c >&5
configure:7613: $? = 0
configure:7626: result: yes
configure:7654: checking if gcc static flag -static works
configure:7682: result: yes
configure:7692: checking if gcc supports -c -o file.o
configure:7713: gcc -c -g -O2  -o out/conftest2.o conftest.c >&5
configure:7717: $? = 0
configure:7739: result: yes
configure:7765: checking whether the gcc linker (/usr/bin/ld) supports shared libraries
configure:8751: result: yes
configure:8772: checking whether -lc should be explicitly linked in
configure:8777: gcc -c -g -O2  conftest.c >&5
configure:8780: $? = 0
configure:8795: gcc -shared conftest.o  -v -Wl,-soname -Wl,conftest -o conftest 2\>\&1 \| grep  -lc  \>/dev/null 2\>\&1
configure:8798: $? = 0
configure:8810: result: no
configure:8818: checking dynamic linker characteristics
configure:9406: result: GNU/Linux ld.so
configure:9415: checking how to hardcode library paths into programs
configure:9440: result: immediate
configure:9454: checking whether stripping libraries is possible
configure:9459: result: yes
configure:10372: checking if libtool supports shared libraries
configure:10374: result: yes
configure:10377: checking whether to build shared libraries
configure:10398: result: yes
configure:10401: checking whether to build static libraries
configure:10405: result: yes
configure:10497: creating libtool
configure:11085: checking for ld used by g++
configure:11152: result: /usr/bin/ld
configure:11161: checking if the linker (/usr/bin/ld) is GNU ld
configure:11176: result: yes
configure:11227: checking whether the g++ linker (/usr/bin/ld) supports shared libraries
configure:12193: result: yes
configure:12211: g++ -c -g -O2  conftest.cpp >&5
configure:12214: $? = 0
configure:12333: checking for g++ option to produce PIC
configure:12607: result: -fPIC
configure:12615: checking if g++ PIC flag -fPIC works
configure:12633: g++ -c -g -O2  -fPIC -DPIC conftest.cpp >&5
configure:12637: $? = 0
configure:12650: result: yes
configure:12678: checking if g++ static flag -static works
configure:12706: result: yes
configure:12716: checking if g++ supports -c -o file.o
configure:12737: g++ -c -g -O2  -o out/conftest2.o conftest.cpp >&5
configure:12741: $? = 0
configure:12763: result: yes
configure:12789: checking whether the g++ linker (/usr/bin/ld) supports shared libraries
configure:12814: result: yes
configure:12881: checking dynamic linker characteristics
configure:13469: result: GNU/Linux ld.so
configure:13478: checking how to hardcode library paths into programs
configure:13503: result: immediate
configure:19720: checking for a BSD-compatible install
configure:19776: result: /usr/bin/install -c
configure:19788: checking for size_t
configure:19818: gcc -c -g -O2  conftest.c >&5
configure:19824: $? = 0
configure:19831: test -z "$ac_c_werror_flag" || test ! -s conftest.err
configure:19834: $? = 0
configure:19841: test -s conftest.o
configure:19844: $? = 0
configure:19856: result: yes
configure:19877: checking for string.h
configure:19883: result: yes
configure:19877: checking for strings.h
configure:19883: result: yes
configure:19877: checking for unistd.h
configure:19883: result: yes
configure:19877: checking for stdint.h
configure:19883: result: yes
configure:20037: checking for floor in -lm
configure:20072: gcc -o conftest -g -O2   conftest.c -lm   >&5
conftest.c:30:6: warning: conflicting types for built-in function 'floor' [enabled by default]
configure:20078: $? = 0
configure:20085: test -z "$ac_c_werror_flag" || test ! -s conftest.err
configure:20088: $? = 0
configure:20095: test -s conftest
configure:20098: $? = 0
configure:20112: result: yes
configure:20233: checking Zlib install prefix
configure:20260: result: /usr
configure:20267: checking for deflate in -lz
configure:20302: gcc -o conftest -g -O2 -I/usr/include   -L/usr/lib conftest.c -lz   -lm -lz >&5
configure:20308: $? = 0
configure:20315: test -z "$ac_c_werror_flag" || test ! -s conftest.err
configure:20318: $? = 0
configure:20325: test -s conftest
configure:20328: $? = 0
configure:20342: result: yes
configure:20387: checking libpng install prefix
configure:20414: result: /usr
configure:20421: checking for png_init_io in -lpng
configure:20456: gcc -o conftest -g -O2 -I/usr/include -I/usr/include   -L/usr/lib -L/usr/lib conftest.c -lpng  -lz  -lm -lz -lpng >&5
configure:20462: $? = 0
configure:20469: test -z "$ac_c_werror_flag" || test ! -s conftest.err
configure:20472: $? = 0
configure:20479: test -s conftest
configure:20482: $? = 0
configure:20496: result: yes
configure:20648: creating ./config.status

## ---------------------- ##
## Running config.status. ##
## ---------------------- ##

This file was extended by libhpdf config.status 2.1.0, which was
generated by GNU Autoconf 2.60.  Invocation command line was

  CONFIG_FILES    = 
  CONFIG_HEADERS  = 
  CONFIG_LINKS    = 
  CONFIG_COMMANDS = 
  $ ./config.status 

on hariscom-Inspiron-N4050

config.status:652: creating Makefile
config.status:652: creating src/Makefile
config.status:652: creating include/Makefile
config.status:652: creating include/hpdf_config.h
config.status:923: executing depfiles commands

## ---------------- ##
## Cache variables. ##
## ---------------- ##

ac_cv_build=i686-pc-linux-gnu
ac_cv_c_compiler_gnu=yes
ac_cv_cxx_compiler_gnu=yes
ac_cv_env_CCC_set=
ac_cv_env_CCC_value=
ac_cv_env_CC_set=
ac_cv_env_CC_value=
ac_cv_env_CFLAGS_set=
ac_cv_env_CFLAGS_value=
ac_cv_env_CPPFLAGS_set=
ac_cv_env_CPPFLAGS_value=
ac_cv_env_CPP_set=
ac_cv_env_CPP_value=
ac_cv_env_CXXCPP_set=
ac_cv_env_CXXCPP_value=
ac_cv_env_CXXFLAGS_set=
ac_cv_env_CXXFLAGS_value=
ac_cv_env_CXX_set=
ac_cv_env_CXX_value=
ac_cv_env_F77_set=
ac_cv_env_F77_value=
ac_cv_env_FFLAGS_set=
ac_cv_env_FFLAGS_value=
ac_cv_env_LDFLAGS_set=
ac_cv_env_LDFLAGS_value=
ac_cv_env_build_alias_set=
ac_cv_env_build_alias_value=
ac_cv_env_host_alias_set=
ac_cv_env_host_alias_value=
ac_cv_env_target_alias_set=
ac_cv_env_target_alias_value=
ac_cv_f77_compiler_gnu=no
ac_cv_header_dlfcn_h=yes
ac_cv_header_inttypes_h=yes
ac_cv_header_memory_h=yes
ac_cv_header_stdc=yes
ac_cv_header_stdint_h=yes
ac_cv_header_stdlib_h=yes
ac_cv_header_string_h=yes
ac_cv_header_strings_h=yes
ac_cv_header_sys_stat_h=yes
ac_cv_header_sys_types_h=yes
ac_cv_header_unistd_h=yes
ac_cv_host=i686-pc-linux-gnu
ac_cv_lib_m_floor=yes
ac_cv_lib_png_png_init_io=yes
ac_cv_lib_z_deflate=yes
ac_cv_objext=o
ac_cv_path_EGREP='/bin/grep -E'
ac_cv_path_GREP=/bin/grep
ac_cv_path_install='/usr/bin/install -c'
ac_cv_prog_AWK=mawk
ac_cv_prog_CPP='gcc -E'
ac_cv_prog_CXXCPP='g++ -E'
ac_cv_prog_ac_ct_AR=ar
ac_cv_prog_ac_ct_CC=gcc
ac_cv_prog_ac_ct_CXX=g++
ac_cv_prog_ac_ct_RANLIB=ranlib
ac_cv_prog_ac_ct_STRIP=strip
ac_cv_prog_cc_c89=
ac_cv_prog_cc_g=yes
ac_cv_prog_cxx_g=yes
ac_cv_prog_f77_g=no
ac_cv_prog_make_make_set=yes
ac_cv_type_size_t=yes
am_cv_CC_dependencies_compiler_type=none
am_cv_CXX_dependencies_compiler_type=none
lt_cv_deplibs_check_method=pass_all
lt_cv_file_magic_cmd='$MAGIC_CMD'
lt_cv_file_magic_test_file=
lt_cv_ld_reload_flag=-r
lt_cv_objdir=.libs
lt_cv_path_LD=/usr/bin/ld
lt_cv_path_LDCXX=/usr/bin/ld
lt_cv_path_NM='/usr/bin/nm -B'
lt_cv_path_SED=/bin/sed
lt_cv_prog_compiler_c_o=yes
lt_cv_prog_compiler_c_o_CXX=yes
lt_cv_prog_compiler_rtti_exceptions=no
lt_cv_prog_gnu_ld=yes
lt_cv_prog_gnu_ldcxx=yes
lt_cv_sys_global_symbol_pipe='sed -n -e '\''s/^.*[ 	]\([ABCDGIRSTW][ABCDGIRSTW]*\)[ 	][ 	]*\([_A-Za-z][_A-Za-z0-9]*\)$/\1 \2 \2/p'\'''
lt_cv_sys_global_symbol_to_c_name_address='sed -n -e '\''s/^: \([^ ]*\) $/  {\"\1\", (lt_ptr) 0},/p'\'' -e '\''s/^[BCDEGRST] \([^ ]*\) \([^ ]*\)$/  {"\2", (lt_ptr) \&\2},/p'\'''
lt_cv_sys_global_symbol_to_cdecl='sed -n -e '\''s/^. .* \(.*\)$/extern int \1;/p'\'''
lt_cv_sys_max_cmd_len=32768
lt_lt_cv_prog_compiler_c_o='"yes"'
lt_lt_cv_prog_compiler_c_o_CXX='"yes"'
lt_lt_cv_sys_global_symbol_pipe='"sed -n -e '\''s/^.*[ 	]\\([ABCDGIRSTW][ABCDGIRSTW]*\\)[ 	][ 	]*\\([_A-Za-z][_A-Za-z0-9]*\\)\$/\\1 \\2 \\2/p'\''"'
lt_lt_cv_sys_global_symbol_to_c_name_address='"sed -n -e '\''s/^: \\([^ ]*\\) \$/  {\\\"\\1\\\", (lt_ptr) 0},/p'\'' -e '\''s/^[BCDEGRST] \\([^ ]*\\) \\([^ ]*\\)\$/  {\"\\2\", (lt_ptr) \\&\\2},/p'\''"'
lt_lt_cv_sys_global_symbol_to_cdecl='"sed -n -e '\''s/^. .* \\(.*\\)\$/extern int \\1;/p'\''"'

## ----------------- ##
## Output variables. ##
## ----------------- ##

ACLOCAL='${SHELL} /home/hariscom/BAIK71/baik_source_071/pustaka/libharu-2.1.0/missing --run aclocal-1.9'
AMDEPBACKSLASH='\'
AMDEP_FALSE='#'
AMDEP_TRUE=''
AMTAR='${SHELL} /home/hariscom/BAIK71/baik_source_071/pustaka/libharu-2.1.0/missing --run tar'
AR='ar'
AUTOCONF='${SHELL} /home/hariscom/BAIK71/baik_source_071/pustaka/libharu-2.1.0/missing --run autoconf'
AUTOHEADER='${SHELL} /home/hariscom/BAIK71/baik_source_071/pustaka/libharu-2.1.0/missing --run autoheader'
AUTOMAKE='${SHELL} /home/hariscom/BAIK71/baik_source_071/pustaka/libharu-2.1.0/missing --run automake-1.9'
AWK='mawk'
CC='gcc'
CCDEPMODE='depmode=none'
CFLAGS='-g -O2 -I/usr/include -I/usr/include'
CPP='gcc -E'
CPPFLAGS=''
CXX='g++'
CXXCPP='g++ -E'
CXXDEPMODE='depmode=none'
CXXFLAGS='-g -O2'
CYGPATH_W='echo'
DEFS='-DHAVE_CONFIG_H'
DEPDIR='.deps'
ECHO='echo'
ECHO_C=''
ECHO_N='-n'
ECHO_T=''
EGREP='/bin/grep -E'
EXEEXT=''
F77=''
FFLAGS=''
GREP='/bin/grep'
INSTALL_DATA='${INSTALL} -m 644'
INSTALL_PROGRAM='${INSTALL}'
INSTALL_SCRIPT='${INSTALL}'
INSTALL_STRIP_FLAG='-s'
INSTALL_STRIP_PROGRAM='${SHELL} $(install_sh) -c -s'
LDFLAGS=' -L/usr/lib -L/usr/lib'
LIBOBJS=''
LIBS='-lpng -lz  -lm -lz -lpng -lm'
LIBTOOL='$(SHELL) $(top_builddir)/libtool'
LN_S='ln -s'
LTLIBOBJS=''
MAINT='#'
MAINTAINER_MODE_FALSE=''
MAINTAINER_MODE_TRUE='#'
MAKEINFO='${SHELL} /home/hariscom/BAIK71/baik_source_071/pustaka/libharu-2.1.0/missing --run makeinfo'
OBJEXT='o'
PACKAGE='libhpdf'
PACKAGE_BUGREPORT=''
PACKAGE_NAME='libhpdf'
PACKAGE_STRING='libhpdf 2.1.0'
PACKAGE_TARNAME='libhpdf'
PACKAGE_VERSION='2.1.0'
PATH_SEPARATOR=':'
RANLIB='ranlib'
SET_MAKE=''
SHELL='/bin/bash'
STRIP='strip'
VERSION='2.1.0'
ac_ct_CC='gcc'
ac_ct_CXX='g++'
ac_ct_F77=''
am__fastdepCC_FALSE=''
am__fastdepCC_TRUE='#'
am__fastdepCXX_FALSE=''
am__fastdepCXX_TRUE='#'
am__include='include'
am__leading_dot='.'
am__quote=''
am__tar='${AMTAR} chof - "$$tardir"'
am__untar='${AMTAR} xf -'
bindir='${exec_prefix}/bin'
build='i686-pc-linux-gnu'
build_alias=''
build_cpu='i686'
build_os='linux-gnu'
build_vendor='pc'
datadir='${datarootdir}'
datarootdir='${prefix}/share'
docdir='${datarootdir}/doc/${PACKAGE_TARNAME}'
dvidir='${docdir}'
exec_prefix='${prefix}'
host='i686-pc-linux-gnu'
host_alias=''
host_cpu='i686'
host_os='linux-gnu'
host_vendor='pc'
htmldir='${docdir}'
includedir='${prefix}/include'
infodir='${datarootdir}/info'
install_sh='/home/hariscom/BAIK71/baik_source_071/pustaka/libharu-2.1.0/install-sh'
libdir='${exec_prefix}/lib'
libexecdir='${exec_prefix}/libexec'
localedir='${datarootdir}/locale'
localstatedir='${prefix}/var'
mandir='${datarootdir}/man'
mkdir_p='mkdir -p --'
oldincludedir='/usr/include'
pdfdir='${docdir}'
prefix='/usr/local'
program_transform_name='s,x,x,'
psdir='${docdir}'
sbindir='${exec_prefix}/sbin'
sharedstatedir='${prefix}/com'
sysconfdir='${prefix}/etc'
target_alias=''

## ----------- ##
## confdefs.h. ##
## ----------- ##

#define PACKAGE_NAME "libhpdf"
#define PACKAGE_TARNAME "libhpdf"
#define PACKAGE_VERSION "2.1.0"
#define PACKAGE_STRING "libhpdf 2.1.0"
#define PACKAGE_BUGREPORT ""
#define STDC_HEADERS 1
#define HAVE_SYS_TYPES_H 1
#define HAVE_SYS_STAT_H 1
#define HAVE_STDLIB_H 1
#define HAVE_STRING_H 1
#define HAVE_MEMORY_H 1
#define HAVE_STRINGS_H 1
#define HAVE_INTTYPES_H 1
#define HAVE_STDINT_H 1
#define HAVE_UNISTD_H 1
#define HAVE_DLFCN_H 1
#define HAVE_STRING_H 1
#define HAVE_STRINGS_H 1
#define HAVE_UNISTD_H 1
#define HAVE_STDINT_H 1
#define HAVE_LIBZ 1
#define HAVE_LIBPNG 1

configure: exit 0
